<?xml version="1.0" encoding="UTF-8"?>
<testsuite name="ChattyBotTest" tests="1" skipped="0" failures="0" errors="0" timestamp="2022-10-10T20:42:26" hostname="DESKTOP-68LILOB" time="0.074">
  <properties/>
  <testcase name="start" classname="ChattyBotTest" time="0.074"/>
  <system-out><![CDATA[?[1;31m
Start test 1?[0m
Hello! My name is Aid
I was created in 2020
]]></system-out>
  <system-err><![CDATA[]]></system-err>
</testsuite>
